2025-10-03 11:02:35,599 - INFO - ==================================================
2025-10-03 11:02:35,599 - INFO - Starting ETL Pipeline
2025-10-03 11:02:35,600 - INFO - ==================================================
2025-10-03 11:02:35,600 - INFO - Extracting data for AAPL...
2025-10-03 11:02:36,275 - INFO - Raw data saved to raw_data\AAPL_2025-10-03.json
2025-10-03 11:02:36,277 - INFO - Transforming data for AAPL...
2025-10-03 11:02:36,290 - INFO - Transformed 100 records for AAPL
2025-10-03 11:02:36,290 - INFO - Loading data for AAPL into database...
2025-10-03 11:02:36,298 - INFO - Database table created/verified
2025-10-03 11:02:36,301 - ERROR - Database loading failed for AAPL: Error binding parameter 2: type 'Timestamp' is not supported
2025-10-03 11:02:36,301 - INFO - Successfully processed AAPL
2025-10-03 11:02:48,302 - INFO - Extracting data for GOOG...
2025-10-03 11:02:49,196 - INFO - Raw data saved to raw_data\GOOG_2025-10-03.json
2025-10-03 11:02:49,198 - INFO - Transforming data for GOOG...
2025-10-03 11:02:49,203 - INFO - Transformed 100 records for GOOG
2025-10-03 11:02:49,203 - INFO - Loading data for GOOG into database...
2025-10-03 11:02:49,205 - INFO - Database table created/verified
2025-10-03 11:02:49,206 - ERROR - Database loading failed for GOOG: Error binding parameter 2: type 'Timestamp' is not supported
2025-10-03 11:02:49,207 - INFO - Successfully processed GOOG
2025-10-03 11:03:01,208 - INFO - Extracting data for MSFT...
2025-10-03 11:03:01,949 - INFO - Raw data saved to raw_data\MSFT_2025-10-03.json
2025-10-03 11:03:01,951 - INFO - Transforming data for MSFT...
2025-10-03 11:03:01,959 - INFO - Transformed 100 records for MSFT
2025-10-03 11:03:01,959 - INFO - Loading data for MSFT into database...
2025-10-03 11:03:01,960 - INFO - Database table created/verified
2025-10-03 11:03:01,962 - ERROR - Database loading failed for MSFT: Error binding parameter 2: type 'Timestamp' is not supported
2025-10-03 11:03:01,962 - INFO - Successfully processed MSFT
2025-10-03 11:03:13,963 - INFO - ==================================================
2025-10-03 11:03:13,965 - INFO - ETL Pipeline Completed
2025-10-03 11:03:13,966 - INFO - ==================================================
2025-10-03 11:05:59,191 - INFO - ==================================================
2025-10-03 11:05:59,191 - INFO - Starting ETL Pipeline
2025-10-03 11:05:59,191 - INFO - ==================================================
2025-10-03 11:05:59,191 - INFO - Extracting data for AAPL...
2025-10-03 11:05:59,685 - INFO - Raw data saved to raw_data\AAPL_2025-10-03.json
2025-10-03 11:05:59,686 - INFO - Transforming data for AAPL...
2025-10-03 11:05:59,693 - INFO - Transformed 100 records for AAPL
2025-10-03 11:05:59,693 - INFO - Loading data for AAPL into database...
2025-10-03 11:05:59,694 - INFO - Database table created/verified
2025-10-03 11:05:59,705 - INFO - Loaded 100 new records for AAPL, skipped 0 duplicates
2025-10-03 11:05:59,705 - INFO - Successfully processed AAPL
2025-10-03 11:06:11,706 - INFO - Extracting data for GOOG...
2025-10-03 11:06:12,573 - INFO - Raw data saved to raw_data\GOOG_2025-10-03.json
2025-10-03 11:06:12,575 - INFO - Transforming data for GOOG...
2025-10-03 11:06:12,581 - INFO - Transformed 100 records for GOOG
2025-10-03 11:06:12,581 - INFO - Loading data for GOOG into database...
2025-10-03 11:06:12,583 - INFO - Database table created/verified
2025-10-03 11:06:12,591 - INFO - Loaded 100 new records for GOOG, skipped 0 duplicates
2025-10-03 11:06:12,591 - INFO - Successfully processed GOOG
2025-10-03 11:06:24,592 - INFO - Extracting data for MSFT...
2025-10-03 11:06:25,205 - INFO - Raw data saved to raw_data\MSFT_2025-10-03.json
2025-10-03 11:06:25,206 - INFO - Transforming data for MSFT...
2025-10-03 11:06:25,211 - INFO - Transformed 100 records for MSFT
2025-10-03 11:06:25,211 - INFO - Loading data for MSFT into database...
2025-10-03 11:06:25,215 - INFO - Database table created/verified
2025-10-03 11:06:25,224 - INFO - Loaded 100 new records for MSFT, skipped 0 duplicates
2025-10-03 11:06:25,224 - INFO - Successfully processed MSFT
2025-10-03 11:06:37,224 - INFO - ==================================================
2025-10-03 11:06:37,225 - INFO - ETL Pipeline Completed
2025-10-03 11:06:37,225 - INFO - ==================================================
2025-10-03 11:19:04,576 - INFO - ==================================================
2025-10-03 11:19:04,576 - INFO - Starting ETL Pipeline
2025-10-03 11:19:04,576 - INFO - ==================================================
2025-10-03 11:19:04,577 - INFO - Extracting data for AAPL...
2025-10-03 11:19:05,325 - INFO - Raw data saved to raw_data\AAPL_2025-10-03.json
2025-10-03 11:19:05,326 - INFO - Transforming data for AAPL...
2025-10-03 11:19:05,333 - INFO - Transformed 100 records for AAPL
2025-10-03 11:19:05,334 - INFO - Loading data for AAPL into database...
2025-10-03 11:19:05,336 - INFO - Database table created/verified
2025-10-03 11:19:05,346 - INFO - Loaded 0 new records for AAPL, skipped 100 duplicates
2025-10-03 11:19:05,346 - INFO - Successfully processed AAPL
2025-10-03 11:19:17,347 - INFO - Extracting data for GOOG...
2025-10-03 11:19:17,963 - INFO - Raw data saved to raw_data\GOOG_2025-10-03.json
2025-10-03 11:19:17,964 - INFO - Transforming data for GOOG...
2025-10-03 11:19:17,967 - INFO - Transformed 100 records for GOOG
2025-10-03 11:19:17,968 - INFO - Loading data for GOOG into database...
2025-10-03 11:19:17,970 - INFO - Database table created/verified
2025-10-03 11:19:17,979 - INFO - Loaded 0 new records for GOOG, skipped 100 duplicates
2025-10-03 11:19:17,980 - INFO - Successfully processed GOOG
2025-10-03 11:19:29,980 - INFO - Extracting data for MSFT...
2025-10-03 11:19:30,606 - INFO - Raw data saved to raw_data\MSFT_2025-10-03.json
2025-10-03 11:19:30,607 - INFO - Transforming data for MSFT...
2025-10-03 11:19:30,610 - INFO - Transformed 100 records for MSFT
2025-10-03 11:19:30,611 - INFO - Loading data for MSFT into database...
2025-10-03 11:19:30,618 - INFO - Database table created/verified
2025-10-03 11:19:30,626 - INFO - Loaded 0 new records for MSFT, skipped 100 duplicates
2025-10-03 11:19:30,627 - INFO - Successfully processed MSFT
2025-10-03 11:19:42,628 - INFO - ==================================================
2025-10-03 11:19:42,628 - INFO - ETL Pipeline Completed
2025-10-03 11:19:42,628 - INFO - ==================================================
2025-10-03 11:30:13,859 - INFO - ==================================================
2025-10-03 11:30:13,859 - INFO - Starting ETL Pipeline
2025-10-03 11:30:13,859 - INFO - ==================================================
2025-10-03 11:30:13,859 - INFO - Extracting data for AAPL...
2025-10-03 11:30:14,545 - INFO - Raw data saved to raw_data\AAPL_2025-10-03.json
2025-10-03 11:30:14,547 - INFO - Transforming data for AAPL...
2025-10-03 11:30:14,554 - INFO - Transformed 100 records for AAPL
2025-10-03 11:30:14,555 - INFO - Loading data for AAPL into database...
2025-10-03 11:30:14,555 - INFO - Database table created/verified
2025-10-03 11:30:14,565 - INFO - Loaded 0 new records for AAPL, skipped 100 duplicates
2025-10-03 11:30:14,565 - INFO - Successfully processed AAPL
2025-10-03 11:30:26,566 - INFO - Extracting data for GOOG...
2025-10-03 11:30:27,384 - INFO - Raw data saved to raw_data\GOOG_2025-10-03.json
2025-10-03 11:30:27,386 - INFO - Transforming data for GOOG...
2025-10-03 11:30:27,390 - INFO - Transformed 100 records for GOOG
2025-10-03 11:30:27,390 - INFO - Loading data for GOOG into database...
2025-10-03 11:30:27,391 - INFO - Database table created/verified
2025-10-03 11:30:27,399 - INFO - Loaded 0 new records for GOOG, skipped 100 duplicates
2025-10-03 11:30:27,399 - INFO - Successfully processed GOOG
2025-10-03 11:30:39,400 - INFO - Extracting data for MSFT...
2025-10-03 11:30:40,076 - INFO - Raw data saved to raw_data\MSFT_2025-10-03.json
2025-10-03 11:30:40,078 - INFO - Transforming data for MSFT...
2025-10-03 11:30:40,082 - INFO - Transformed 100 records for MSFT
2025-10-03 11:30:40,082 - INFO - Loading data for MSFT into database...
2025-10-03 11:30:40,084 - INFO - Database table created/verified
2025-10-03 11:30:40,092 - INFO - Loaded 0 new records for MSFT, skipped 100 duplicates
2025-10-03 11:30:40,093 - INFO - Successfully processed MSFT
2025-10-03 11:30:52,093 - INFO - ==================================================
2025-10-03 11:30:52,095 - INFO - ETL Pipeline Completed
2025-10-03 11:30:52,096 - INFO - ==================================================
2025-10-03 11:30:52,107 - INFO - Scheduling daily ETL runs at 18:00...
2025-10-03 11:39:00,441 - INFO - ==================================================
2025-10-03 11:39:00,441 - INFO - Starting ETL Pipeline
2025-10-03 11:39:00,442 - INFO - ==================================================
2025-10-03 11:39:00,442 - INFO - Extracting data for AAPL...
2025-10-03 11:39:01,127 - INFO - Raw data saved to raw_data\AAPL_2025-10-03.json
2025-10-03 11:39:01,129 - INFO - Transforming data for AAPL...
2025-10-03 11:39:01,137 - INFO - Transformed 100 records for AAPL
2025-10-03 11:39:01,138 - INFO - Loading data for AAPL into database...
2025-10-03 11:39:01,139 - INFO - Database table created/verified
2025-10-03 11:39:01,150 - INFO - Loaded 0 new records for AAPL, skipped 100 duplicates
2025-10-03 11:39:01,150 - INFO - Successfully processed AAPL
2025-10-03 11:39:13,151 - INFO - Extracting data for GOOG...
2025-10-03 11:39:13,923 - INFO - Raw data saved to raw_data\GOOG_2025-10-03.json
2025-10-03 11:39:13,925 - INFO - Transforming data for GOOG...
2025-10-03 11:39:13,929 - INFO - Transformed 100 records for GOOG
2025-10-03 11:39:13,929 - INFO - Loading data for GOOG into database...
2025-10-03 11:39:13,931 - INFO - Database table created/verified
2025-10-03 11:39:13,946 - INFO - Loaded 0 new records for GOOG, skipped 100 duplicates
2025-10-03 11:39:13,946 - INFO - Successfully processed GOOG
2025-10-03 11:39:25,947 - INFO - Extracting data for MSFT...
2025-10-03 11:39:26,560 - INFO - Raw data saved to raw_data\MSFT_2025-10-03.json
2025-10-03 11:39:26,561 - INFO - Transforming data for MSFT...
2025-10-03 11:39:26,564 - INFO - Transformed 100 records for MSFT
2025-10-03 11:39:26,564 - INFO - Loading data for MSFT into database...
2025-10-03 11:39:26,566 - INFO - Database table created/verified
2025-10-03 11:39:26,576 - INFO - Loaded 0 new records for MSFT, skipped 100 duplicates
2025-10-03 11:39:26,577 - INFO - Successfully processed MSFT
2025-10-03 11:39:38,578 - INFO - ==================================================
2025-10-03 11:39:38,579 - INFO - ETL Pipeline Completed
2025-10-03 11:39:38,579 - INFO - ==================================================
2025-10-03 11:39:38,592 - INFO - Scheduling daily ETL runs at 11:39...
2025-10-03 11:41:20,803 - INFO - ==================================================
2025-10-03 11:41:20,803 - INFO - Starting ETL Pipeline
2025-10-03 11:41:20,804 - INFO - ==================================================
2025-10-03 11:41:20,804 - INFO - Extracting data for AAPL...
2025-10-03 11:41:21,436 - INFO - Raw data saved to raw_data\AAPL_2025-10-03.json
2025-10-03 11:41:21,437 - INFO - Transforming data for AAPL...
2025-10-03 11:41:21,443 - INFO - Transformed 100 records for AAPL
2025-10-03 11:41:21,443 - INFO - Loading data for AAPL into database...
2025-10-03 11:41:21,444 - INFO - Database table created/verified
2025-10-03 11:41:21,458 - INFO - Loaded 0 new records for AAPL, skipped 100 duplicates
2025-10-03 11:41:21,458 - INFO - Successfully processed AAPL
2025-10-03 11:41:33,459 - INFO - Extracting data for GOOG...
2025-10-03 11:41:34,347 - INFO - Raw data saved to raw_data\GOOG_2025-10-03.json
2025-10-03 11:41:34,349 - INFO - Transforming data for GOOG...
2025-10-03 11:41:34,356 - INFO - Transformed 100 records for GOOG
2025-10-03 11:41:34,356 - INFO - Loading data for GOOG into database...
2025-10-03 11:41:34,358 - INFO - Database table created/verified
2025-10-03 11:41:34,365 - INFO - Loaded 0 new records for GOOG, skipped 100 duplicates
2025-10-03 11:41:34,366 - INFO - Successfully processed GOOG
2025-10-03 11:41:46,367 - INFO - Extracting data for MSFT...
2025-10-03 11:41:46,991 - INFO - Raw data saved to raw_data\MSFT_2025-10-03.json
2025-10-03 11:41:46,993 - INFO - Transforming data for MSFT...
2025-10-03 11:41:46,997 - INFO - Transformed 100 records for MSFT
2025-10-03 11:41:46,998 - INFO - Loading data for MSFT into database...
2025-10-03 11:41:46,999 - INFO - Database table created/verified
2025-10-03 11:41:47,008 - INFO - Loaded 0 new records for MSFT, skipped 100 duplicates
2025-10-03 11:41:47,008 - INFO - Successfully processed MSFT
2025-10-03 11:41:59,008 - INFO - ==================================================
2025-10-03 11:41:59,009 - INFO - ETL Pipeline Completed
2025-10-03 11:41:59,009 - INFO - ==================================================
2025-10-03 11:41:59,021 - INFO - Scheduling daily ETL runs at 11:43...
2025-10-03 11:43:59,022 - INFO - ==================================================
2025-10-03 11:43:59,023 - INFO - Starting ETL Pipeline
2025-10-03 11:43:59,023 - INFO - ==================================================
2025-10-03 11:43:59,024 - INFO - Extracting data for AAPL...
2025-10-03 11:43:59,970 - INFO - Raw data saved to raw_data\AAPL_2025-10-03.json
2025-10-03 11:43:59,972 - INFO - Transforming data for AAPL...
2025-10-03 11:43:59,977 - INFO - Transformed 100 records for AAPL
2025-10-03 11:43:59,978 - INFO - Loading data for AAPL into database...
2025-10-03 11:43:59,979 - INFO - Database table created/verified
2025-10-03 11:43:59,992 - INFO - Loaded 0 new records for AAPL, skipped 100 duplicates
2025-10-03 11:43:59,993 - INFO - Successfully processed AAPL
2025-10-03 11:44:11,994 - INFO - Extracting data for GOOG...
2025-10-03 11:44:12,895 - INFO - Raw data saved to raw_data\GOOG_2025-10-03.json
2025-10-03 11:44:12,897 - INFO - Transforming data for GOOG...
2025-10-03 11:44:12,903 - INFO - Transformed 100 records for GOOG
2025-10-03 11:44:12,903 - INFO - Loading data for GOOG into database...
2025-10-03 11:44:12,906 - INFO - Database table created/verified
2025-10-03 11:44:12,917 - INFO - Loaded 0 new records for GOOG, skipped 100 duplicates
2025-10-03 11:44:12,917 - INFO - Successfully processed GOOG
2025-10-03 11:44:24,918 - INFO - Extracting data for MSFT...
2025-10-03 11:44:25,572 - INFO - Raw data saved to raw_data\MSFT_2025-10-03.json
2025-10-03 11:44:25,573 - INFO - Transforming data for MSFT...
2025-10-03 11:44:25,578 - INFO - Transformed 100 records for MSFT
2025-10-03 11:44:25,579 - INFO - Loading data for MSFT into database...
2025-10-03 11:44:25,580 - INFO - Database table created/verified
2025-10-03 11:44:25,590 - INFO - Loaded 0 new records for MSFT, skipped 100 duplicates
2025-10-03 11:44:25,590 - INFO - Successfully processed MSFT
2025-10-03 11:44:37,590 - INFO - ==================================================
2025-10-03 11:44:37,591 - INFO - ETL Pipeline Completed
2025-10-03 11:44:37,591 - INFO - ==================================================
